#
# There is insufficient memory for the Java Runtime Environment to continue.
# Native memory allocation (malloc) failed to allocate 1048576 bytes for AllocateHeap
# Possible reasons:
#   The system is out of physical RAM or swap space
#   The process is running with CompressedOops enabled, and the Java Heap may be blocking the growth of the native heap
# Possible solutions:
#   Reduce memory load on the system
#   Increase physical memory or swap space
#   Check if swap backing store is full
#   Decrease Java heap size (-Xmx/-Xms)
#   Decrease number of Java threads
#   Decrease Java thread stack sizes (-Xss)
#   Set larger code cache with -XX:ReservedCodeCacheSize=
#   JVM is running with Zero Based Compressed Oops mode in which the Java heap is
#     placed in the first 32GB address space. The Java Heap base address is the
#     maximum limit for the native heap growth. Please use -XX:HeapBaseMinAddress
#     to set the Java Heap base and to place the Java Heap above 32GB virtual address.
# This output file may be truncated or incomplete.
#
#  Out of Memory Error (allocation.cpp:44), pid=27244, tid=26676
#
# JRE version:  (17.0.8+9) (build )
# Java VM: Java HotSpot(TM) 64-Bit Server VM (17.0.8+9-LTS-211, mixed mode, sharing, tiered, compressed oops, compressed class ptrs, g1 gc, windows-amd64)
# No core dump will be written. Minidumps are not enabled by default on client versions of Windows
#

---------------  S U M M A R Y ------------

Command Line: -Dfile.encoding=UTF-8 --module-path=D:\Hotel Management System\build\classes hotel.management.system.UpdateRoom

Host: AMD Ryzen 5 5625U with Radeon Graphics         , 12 cores, 15G,  Windows 11 , 64 bit Build 22621 (10.0.22621.1928)
Time: Tue Aug  1 16:09:15 2023 India Standard Time elapsed time: 0.031700 seconds (0d 0h 0m 0s)

---------------  T H R E A D  ---------------

Current thread (0x000002abdaf88080):  JavaThread "Unknown thread" [_thread_in_vm, id=26676, stack(0x000000f7d9700000,0x000000f7d9800000)]

Stack: [0x000000f7d9700000,0x000000f7d9800000]
Native frames: (J=compiled Java code, j=interpreted, Vv=VM code, C=native code)
V  [jvm.dll+0x677d0a]
V  [jvm.dll+0x7d8c54]
V  [jvm.dll+0x7da3fe]
V  [jvm.dll+0x7daa63]
V  [jvm.dll+0x245c5f]
V  [jvm.dll+0xa50e3]
V  [jvm.dll+0x2e360e]
V  [jvm.dll+0x2db32b]
V  [jvm.dll+0x7aa711]
V  [jvm.dll+0x367b51]
V  [jvm.dll+0x789979]
V  [jvm.dll+0x3eb05f]
V  [jvm.dll+0x3ecae1]
C  [jli.dll+0x5297]
C  [ucrtbase.dll+0x29363]
C  [KERNEL32.DLL+0x126ad]
C  [ntdll.dll+0x5aa68]


---------------  P R O C E S S  ---------------

Threads class SMR info:
_java_thread_list=0x00007ffc18e259d8, length=0, elements={
}

Java Threads: ( => current thread )

Other Threads:
  0x000002abdaff14e0 GCTaskThread "GC Thread#0" [stack: 0x000000f7d9800000,0x000000f7d9900000] [id=6192]

[error occurred during error reporting (printing all threads), id 0xc0000005, EXCEPTION_ACCESS_VIOLATION (0xc0000005) at pc=0x00007ffc18658580]

VM state: not at safepoint (not fully initialized)

VM Mutex/Monitor currently owned by a thread:  ([mutex/lock_event])
[0x000002abdaf854e0] Heap_lock - owner thread: 0x000002abdaf88080

Heap address: 0x000000070a600000, size: 3930 MB, Compressed Oops mode: Zero based, Oop shift amount: 3

CDS archive(s) mapped at: [0x0000000000000000-0x0000000000000000-0x0000000000000000), size 0, SharedBaseAddress: 0x0000000800000000, ArchiveRelocationMode: 1.
Narrow klass base: 0x0000000000000000, Narrow klass shift: 0, Narrow klass range: 0x0

GC Precious Log:
<Empty>

Heap:
 garbage-first heap   total 0K, used 0K [0x000000070a600000, 0x0000000800000000)
  region size 2048K, 0 young (0K), 0 survivors (0K)

[error occurred during error reporting (printing heap information), id 0xc0000005, EXCEPTION_ACCESS_VIOLATION (0xc0000005) at pc=0x00007ffc18a41499]

GC Heap History (0 events):
No events

Deoptimization events (0 events):
No events

Classes unloaded (0 events):
No events

Classes redefined (0 events):
No events

Internal exceptions (0 events):
No events

VM Operations (0 events):
No events

Events (1 events):
Event: 0.017 Loaded shared library C:\Program Files\Java\jdk-17\bin\java.dll


Dynamic libraries:
0x00007ff691b70000 - 0x00007ff691b80000 	C:\Program Files\Java\jdk-17\bin\java.exe
0x00007ffc6c1b0000 - 0x00007ffc6c3c4000 	C:\windows\SYSTEM32\ntdll.dll
0x00007ffc6ad20000 - 0x00007ffc6ade2000 	C:\windows\System32\KERNEL32.DLL
0x00007ffc695b0000 - 0x00007ffc69953000 	C:\windows\System32\KERNELBASE.dll
0x00007ffc69d50000 - 0x00007ffc69e61000 	C:\windows\System32\ucrtbase.dll
0x00007ffc34af0000 - 0x00007ffc34b0b000 	C:\Program Files\Java\jdk-17\bin\VCRUNTIME140.dll
0x00007ffc619f0000 - 0x00007ffc61a09000 	C:\Program Files\Java\jdk-17\bin\jli.dll
0x00007ffc6afa0000 - 0x00007ffc6b04e000 	C:\windows\System32\ADVAPI32.dll
0x00007ffc6b8b0000 - 0x00007ffc6b957000 	C:\windows\System32\msvcrt.dll
0x00007ffc6a4d0000 - 0x00007ffc6a574000 	C:\windows\System32\sechost.dll
0x00007ffc6a710000 - 0x00007ffc6a827000 	C:\windows\System32\RPCRT4.dll
0x00007ffc6adf0000 - 0x00007ffc6af9a000 	C:\windows\System32\USER32.dll
0x00007ffc532b0000 - 0x00007ffc5353e000 	C:\windows\WinSxS\amd64_microsoft.windows.common-controls_6595b64144ccf1df_6.0.22621.1635_none_270f70857386168e\COMCTL32.dll
0x00007ffc69bb0000 - 0x00007ffc69bd6000 	C:\windows\System32\win32u.dll
0x00007ffc6ab80000 - 0x00007ffc6aba9000 	C:\windows\System32\GDI32.dll
0x00007ffc69e70000 - 0x00007ffc69f89000 	C:\windows\System32\gdi32full.dll
0x00007ffc699d0000 - 0x00007ffc69a6a000 	C:\windows\System32\msvcp_win.dll
0x00007ffc60620000 - 0x00007ffc6062a000 	C:\windows\SYSTEM32\VERSION.dll
0x00007ffc6b960000 - 0x00007ffc6b991000 	C:\windows\System32\IMM32.DLL
0x00007ffc55960000 - 0x00007ffc5596c000 	C:\Program Files\Java\jdk-17\bin\vcruntime140_1.dll
0x00007ffc18ff0000 - 0x00007ffc1907e000 	C:\Program Files\Java\jdk-17\bin\msvcp140.dll
0x00007ffc18370000 - 0x00007ffc18f4e000 	C:\Program Files\Java\jdk-17\bin\server\jvm.dll
0x00007ffc6a700000 - 0x00007ffc6a708000 	C:\windows\System32\PSAPI.DLL
0x00007ffc61990000 - 0x00007ffc619c4000 	C:\windows\SYSTEM32\WINMM.dll
0x00007ffc4afb0000 - 0x00007ffc4afb9000 	C:\windows\SYSTEM32\WSOCK32.dll
0x00007ffc6a450000 - 0x00007ffc6a4c1000 	C:\windows\System32\WS2_32.dll
0x00007ffc686b0000 - 0x00007ffc686c8000 	C:\windows\SYSTEM32\kernel.appcore.dll
0x00007ffc54370000 - 0x00007ffc5437a000 	C:\Program Files\Java\jdk-17\bin\jimage.dll
0x00007ffc66f60000 - 0x00007ffc6718e000 	C:\windows\SYSTEM32\DBGHELP.DLL
0x00007ffc6b9a0000 - 0x00007ffc6bd29000 	C:\windows\System32\combase.dll
0x00007ffc6bed0000 - 0x00007ffc6bfa7000 	C:\windows\System32\OLEAUT32.dll
0x00007ffc4c890000 - 0x00007ffc4c8c2000 	C:\windows\SYSTEM32\dbgcore.DLL
0x00007ffc69b30000 - 0x00007ffc69baa000 	C:\windows\System32\bcryptPrimitives.dll
0x00007ffc2af60000 - 0x00007ffc2af85000 	C:\Program Files\Java\jdk-17\bin\java.dll

dbghelp: loaded successfully - version: 4.0.5 - missing functions: none
symbol engine: initialized successfully - sym options: 0x614 - pdb path: .;C:\Program Files\Java\jdk-17\bin;C:\windows\SYSTEM32;C:\windows\WinSxS\amd64_microsoft.windows.common-controls_6595b64144ccf1df_6.0.22621.1635_none_270f70857386168e;C:\Program Files\Java\jdk-17\bin\server

VM Arguments:
jvm_args: -Dfile.encoding=UTF-8 --module-path=D:\Hotel Management System\build\classes 
java_command: hotel.management.system.UpdateRoom
java_class_path (initial): C:\Users\harsh\Downloads\mysql-connector-java-8.0.28.jar;C:\Users\harsh\Downloads\rs2xml.jar;D:\Hotel Management System\build\classes
Launcher Type: SUN_STANDARD

[Global flags]
     intx CICompilerCount                          = 4                                         {product} {ergonomic}
     uint ConcGCThreads                            = 3                                         {product} {ergonomic}
     uint G1ConcRefinementThreads                  = 10                                        {product} {ergonomic}
   size_t G1HeapRegionSize                         = 2097152                                   {product} {ergonomic}
    uintx GCDrainStackTargetSize                   = 64                                        {product} {ergonomic}
   size_t InitialHeapSize                          = 257949696                                 {product} {ergonomic}
   size_t MarkStackSize                            = 4194304                                   {product} {ergonomic}
   size_t MaxHeapSize                              = 4120903680                                {product} {ergonomic}
   size_t MinHeapDeltaBytes                        = 2097152                                   {product} {ergonomic}
   size_t MinHeapSize                              = 8388608                                   {product} {ergonomic}
    uintx NonNMethodCodeHeapSize                   = 5839372                                {pd product} {ergonomic}
    uintx NonProfiledCodeHeapSize                  = 122909434                              {pd product} {ergonomic}
    uintx ProfiledCodeHeapSize                     = 122909434                              {pd product} {ergonomic}
    uintx ReservedCodeCacheSize                    = 251658240                              {pd product} {ergonomic}
     bool SegmentedCodeCache                       = true                                      {product} {ergonomic}
   size_t SoftMaxHeapSize                          = 4120903680                             {manageable} {ergonomic}
     bool UseCompressedClassPointers               = true                           {product lp64_product} {ergonomic}
     bool UseCompressedOops                        = true                           {product lp64_product} {ergonomic}
     bool UseG1GC                                  = true                                      {product} {ergonomic}
     bool UseLargePagesIndividualAllocation        = false                                  {pd product} {ergonomic}

Logging:
Log output configuration:
 #0: stdout all=warning uptime,level,tags
 #1: stderr all=off uptime,level,tags

Environment Variables:
PATH=C:\Program Files\Common Files\Oracle\Java\javapath;C:\windows\system32;C:\windows;C:\windows\System32\Wbem;C:\windows\System32\WindowsPowerShell\v1.0\;C:\windows\System32\OpenSSH\;C:\Program Files\Microsoft VS Code\bin;C:\Program Files\MySQL\MySQL Shell 8.0\bin\;C:\Users\harsh\AppData\Local\Programs\Python\Python311\Scripts\;C:\Users\harsh\AppData\Local\Programs\Python\Python311\;C:\Users\harsh\AppData\Local\Microsoft\WindowsApps;C:\Program Files\Java\jdk-20\bin;C:\MinGW\bin;C:\Program Files\JetBrains\IntelliJ IDEA Community Edition 2023.1.1\bin;;C:\Program Files\Java\jdk1.8.0_201\bin;C:\Program Files\Java\jdk-17\bin;
USERNAME=harsh
OS=Windows_NT
PROCESSOR_IDENTIFIER=AMD64 Family 25 Model 80 Stepping 0, AuthenticAMD



---------------  S Y S T E M  ---------------

OS:
 Windows 11 , 64 bit Build 22621 (10.0.22621.1928)
OS uptime: 10 days 23:39 hours
Hyper-V role detected

CPU: total 12 (initial active 12) (12 cores per cpu, 2 threads per core) family 25 model 80 stepping 0 microcode 0x0, cx8, cmov, fxsr, ht, mmx, 3dnowpref, sse, sse2, sse3, ssse3, sse4a, sse4.1, sse4.2, popcnt, lzcnt, tsc, tscinvbit, avx, avx2, aes, erms, clmul, bmi1, bmi2, adx, sha, fma, vzeroupper, clflush, clflushopt, hv

Memory: 4k page, system-wide physical 15712M (5883M free)
TotalPageFile size 38250M (AvailPageFile size 7M)
current process WorkingSet (physical memory assigned to process): 11M, peak: 11M
current process commit charge ("private bytes"): 55M, peak: 56M

vm_info: Java HotSpot(TM) 64-Bit Server VM (17.0.8+9-LTS-211) for windows-amd64 JRE (17.0.8+9-LTS-211), built on Jun 14 2023 10:34:31 by "mach5one" with MS VC++ 17.1 (VS2022)

END.
